#
# There is insufficient memory for the Java Runtime Environment to continue.
# Native memory allocation (malloc) failed to allocate 1048576 bytes for AllocateHeap
# Possible reasons:
#   The system is out of physical RAM or swap space
#   The process is running with CompressedOops enabled, and the Java Heap may be blocking the growth of the native heap
# Possible solutions:
#   Reduce memory load on the system
#   Increase physical memory or swap space
#   Check if swap backing store is full
#   Decrease Java heap size (-Xmx/-Xms)
#   Decrease number of Java threads
#   Decrease Java thread stack sizes (-Xss)
#   Set larger code cache with -XX:ReservedCodeCacheSize=
#   JVM is running with Zero Based Compressed Oops mode in which the Java heap is
#     placed in the first 32GB address space. The Java Heap base address is the
#     maximum limit for the native heap growth. Please use -XX:HeapBaseMinAddress
#     to set the Java Heap base and to place the Java Heap above 32GB virtual address.
# This output file may be truncated or incomplete.
#
#  Out of Memory Error (memory/allocation.inline.hpp:61), pid=23680, tid=0x00000000000048dc
#
# JRE version:  (8.0_322-b06) (build )
# Java VM: OpenJDK 64-Bit Server VM (25.322-b06 mixed mode windows-amd64 compressed oops)
# Failed to write core dump. Minidumps are not enabled by default on client versions of Windows
#

---------------  T H R E A D  ---------------

Current thread (0x000001edb28e6000):  JavaThread "Unknown thread" [_thread_in_vm, id=18652, stack(0x000000b7ceb00000,0x000000b7cec00000)]

Stack: [0x000000b7ceb00000,0x000000b7cec00000]
[error occurred during error reporting (printing stack bounds), id 0xc0000005]

Native frames: (J=compiled Java code, j=interpreted, Vv=VM code, C=native code)


---------------  P R O C E S S  ---------------

Java Threads: ( => current thread )

Other Threads:

=>0x000001edb28e6000 (exited) JavaThread "Unknown thread" [_thread_in_vm, id=18652, stack(0x000000b7ceb00000,0x000000b7cec00000)]

VM state:not at safepoint (normal execution)

VM Mutex/Monitor currently owned by a thread: None

heap address: 0x00000003c4600000, size: 16314 MB, Compressed Oops mode: Zero based, Oop shift amount: 3
Narrow klass base: 0x0000000000000000, Narrow klass shift: 3
Compressed class space size: 1073741824 Address: 0x00000007c0000000

Heap:
 PSYoungGen      total 304640K, used 5222K [0x000000066c200000, 0x0000000681600000, 0x00000007c0000000)
  eden space 261120K, 2% used [0x000000066c200000,0x000000066c7199a8,0x000000067c100000)
  from space 43520K, 0% used [0x000000067eb80000,0x000000067eb80000,0x0000000681600000)
  to   space 43520K, 0% used [0x000000067c100000,0x000000067c100000,0x000000067eb80000)
 ParOldGen       total 696320K, used 0K [0x00000003c4600000, 0x00000003eee00000, 0x000000066c200000)
  object space 696320K, 0% used [0x00000003c4600000,0x00000003c4600000,0x00000003eee00000)
 Metaspace       used 803K, capacity 4480K, committed 4480K, reserved 1056768K
  class space    used 77K, capacity 384K, committed 384K, reserved 1048576K

Card table byte_map: [0x000001edc3b10000,0x000001edc5af0000] byte_map_base: 0x000001edc1ced000

Marking Bits: (ParMarkBitMap*) 0x000000006b3b0530
 Begin Bits: [0x000001edc7030000, 0x000001edd6f18000)
 End Bits:   [0x000001edd6f18000, 0x000001ede6e00000)

Polling page: 0x000001edb2b90000

CodeCache: size=245760Kb used=328Kb max_used=328Kb free=245431Kb
 bounds [0x000001edb4750000, 0x000001edb49c0000, 0x000001edc3750000]
 total_blobs=58 nmethods=0 adapters=38
 compilation: enabled

Compilation events (0 events):
No events

GC Heap History (0 events):
No events

Deoptimization events (0 events):
No events

Classes redefined (0 events):
No events

Internal exceptions (0 events):
No events

Events (10 events):
Event: 0.023 loading class java/lang/Short
Event: 0.023 loading class java/lang/Short done
Event: 0.023 loading class java/lang/Integer
Event: 0.023 loading class java/lang/Integer done
Event: 0.023 loading class java/lang/Long
Event: 0.023 loading class java/lang/Long done
Event: 0.023 loading class java/lang/NullPointerException
Event: 0.023 loading class java/lang/NullPointerException done
Event: 0.023 loading class java/lang/ArithmeticException
Event: 0.023 loading class java/lang/ArithmeticException done


Dynamic libraries:
0x00007ff725500000 - 0x00007ff725551000 	C:\Program Files\Zulu\zulu-8\bin\java.exe
0x00007ff832b30000 - 0x00007ff832d25000 	C:\WINDOWS\SYSTEM32\ntdll.dll
0x00007ff830b90000 - 0x00007ff830c4e000 	C:\WINDOWS\System32\KERNEL32.DLL
0x00007ff8302d0000 - 0x00007ff830598000 	C:\WINDOWS\System32\KERNELBASE.dll
0x00007ff831c90000 - 0x00007ff831d3e000 	C:\WINDOWS\System32\ADVAPI32.dll
0x00007ff831b20000 - 0x00007ff831bbe000 	C:\WINDOWS\System32\msvcrt.dll
0x00007ff832930000 - 0x00007ff8329cc000 	C:\WINDOWS\System32\sechost.dll
0x00007ff8315b0000 - 0x00007ff8316d5000 	C:\WINDOWS\System32\RPCRT4.dll
0x00007ff832790000 - 0x00007ff832930000 	C:\WINDOWS\System32\USER32.dll
0x00007ff830940000 - 0x00007ff830962000 	C:\WINDOWS\System32\win32u.dll
0x00007ff831db0000 - 0x00007ff831ddb000 	C:\WINDOWS\System32\GDI32.dll
0x00007ff830830000 - 0x00007ff83093b000 	C:\WINDOWS\System32\gdi32full.dll
0x00007ff8305a0000 - 0x00007ff83063d000 	C:\WINDOWS\System32\msvcp_win.dll
0x00007ff830970000 - 0x00007ff830a70000 	C:\WINDOWS\System32\ucrtbase.dll
0x00007ff80c600000 - 0x00007ff80c89a000 	C:\WINDOWS\WinSxS\amd64_microsoft.windows.common-controls_6595b64144ccf1df_6.0.19041.1110_none_60b5254171f9507e\COMCTL32.dll
0x00007ff830d00000 - 0x00007ff830d30000 	C:\WINDOWS\System32\IMM32.DLL
0x00007fffdd840000 - 0x00007fffdd8e4000 	C:\Program Files\McAfee\Endpoint Security\Threat Prevention\Ips\EpMPApi.dll
0x00007ff830a70000 - 0x00007ff830ad8000 	C:\WINDOWS\System32\WINTRUST.dll
0x00007ff8306d0000 - 0x00007ff830826000 	C:\WINDOWS\System32\CRYPT32.dll
0x00007ff82fe30000 - 0x00007ff82fe42000 	C:\WINDOWS\SYSTEM32\MSASN1.dll
0x000000006dff0000 - 0x000000006dffc000 	C:\Program Files\McAfee\Endpoint Security\Threat Prevention\Ips\EpMPThe.dll
0x00007fffddb70000 - 0x00007fffddbc9000 	C:\Program Files\McAfee\Endpoint Security\Threat Prevention\Ips\HIPHandlers64.dll
0x00007ff831ef0000 - 0x00007ff831f45000 	C:\WINDOWS\System32\SHLWAPI.dll
0x00007ff82e630000 - 0x00007ff82e814000 	C:\WINDOWS\SYSTEM32\dbghelp.dll
0x00007ff812fd0000 - 0x00007ff812fe5000 	C:\Program Files\Zulu\zulu-8\jre\bin\vcruntime140.dll
0x00007ffff0530000 - 0x00007ffff05cb000 	C:\Program Files\Zulu\zulu-8\jre\bin\msvcp140.dll
0x000000006abc0000 - 0x000000006b42a000 	C:\Program Files\Zulu\zulu-8\jre\bin\server\jvm.dll
0x00007ff831a40000 - 0x00007ff831a48000 	C:\WINDOWS\System32\PSAPI.DLL
0x00007ff822150000 - 0x00007ff822177000 	C:\WINDOWS\SYSTEM32\WINMM.dll
0x00007ff824300000 - 0x00007ff82430a000 	C:\WINDOWS\SYSTEM32\VERSION.dll
0x00007ff816860000 - 0x00007ff816869000 	C:\WINDOWS\SYSTEM32\WSOCK32.dll
0x00007ff831d40000 - 0x00007ff831dab000 	C:\WINDOWS\System32\WS2_32.dll
0x00007ff82e9a0000 - 0x00007ff82e9b2000 	C:\WINDOWS\SYSTEM32\kernel.appcore.dll
0x00007ff819100000 - 0x00007ff819110000 	C:\Program Files\Zulu\zulu-8\jre\bin\verify.dll
0x00007ff8126a0000 - 0x00007ff8126cb000 	C:\Program Files\Zulu\zulu-8\jre\bin\java.dll
0x00007ff80dc90000 - 0x00007ff80dcc8000 	C:\Program Files\Zulu\zulu-8\jre\bin\instrument.dll
0x00007ff8122f0000 - 0x00007ff812308000 	C:\Program Files\Zulu\zulu-8\jre\bin\zip.dll

VM Arguments:
jvm_args: -javaagent:C:\Users\sanray\AppData\Local\JetBrains\IntelliJ IDEA Community Edition 2021.3.2\lib\idea_rt.jar=53861:C:\Users\sanray\AppData\Local\JetBrains\IntelliJ IDEA Community Edition 2021.3.2\bin -Dfile.encoding=UTF-8 
java_command: com.leetcode.challenges.CoinChange
java_class_path (initial): C:\Program Files\Zulu\zulu-8\jre\lib\cat.jar;C:\Program Files\Zulu\zulu-8\jre\lib\charsets.jar;C:\Program Files\Zulu\zulu-8\jre\lib\ext\access-bridge-64.jar;C:\Program Files\Zulu\zulu-8\jre\lib\ext\cldrdata.jar;C:\Program Files\Zulu\zulu-8\jre\lib\ext\crs-agent.jar;C:\Program Files\Zulu\zulu-8\jre\lib\ext\dnsns.jar;C:\Program Files\Zulu\zulu-8\jre\lib\ext\jaccess.jar;C:\Program Files\Zulu\zulu-8\jre\lib\ext\legacy8ujsse.jar;C:\Program Files\Zulu\zulu-8\jre\lib\ext\localedata.jar;C:\Program Files\Zulu\zulu-8\jre\lib\ext\nashorn.jar;C:\Program Files\Zulu\zulu-8\jre\lib\ext\openeddsa.jar;C:\Program Files\Zulu\zulu-8\jre\lib\ext\openjsse.jar;C:\Program Files\Zulu\zulu-8\jre\lib\ext\sunec.jar;C:\Program Files\Zulu\zulu-8\jre\lib\ext\sunjce_provider.jar;C:\Program Files\Zulu\zulu-8\jre\lib\ext\sunmscapi.jar;C:\Program Files\Zulu\zulu-8\jre\lib\ext\sunpkcs11.jar;C:\Program Files\Zulu\zulu-8\jre\lib\ext\zipfs.jar;C:\Program Files\Zulu\zulu-8\jre\lib\jce.jar;C:\Program Files\Zulu\zulu-8\jre\lib\jfr.jar;C:\Program Files\Zulu\zulu-8\jre\lib\jsse.jar;C:\Program Files\Zulu\zulu-8\jre\lib\management-agent.jar;C:\Program Files\Zulu\zulu-8\jre\lib\resources.jar;C:\Program Files\Zulu\zulu-8\jre\lib\rt.jar;C:\Personal\git-hub\leetcode\target\classes;C:\Users\sanray\.m2\raptor2\org\apache\commons\commons-lang3\3.12.0\commons-lang3-3.12.0.jar;C:\Users\sanray\.m2\raptor2\com\google\collections\google-collections\1.0-rc2\google-collections-1.0-rc2.jar;C:\Users\sanray\.m2\raptor2\org\apache\commons\commons-collections4\4.4\commons-collections4-4.4.jar;C:\Users\sanray\AppData\Local\JetBrains\IntelliJ IDEA Community Edition 2021.3.2\lib\idea_rt.jar
Launcher Type: SUN_STANDARD

Environment Variables:
JAVA_HOME=C:\Program Files\Zulu\zulu-8\
PATH=C:\Program Files\Zulu\zulu-8\bin\;C:\Program Files\Python39\Scripts\;C:\Program Files\Python39\;C:\WINDOWS\system32;C:\WINDOWS;C:\WINDOWS\System32\Wbem;C:\WINDOWS\System32\WindowsPowerShell\v1.0\;C:\WINDOWS\System32\OpenSSH\;C:\Program Files (x86)\Perforce;C:\Program Files\Git\cmd;C:\Program Files\Maven\apache-maven-3.8.1\bin;C:\Program Files\nodejs\;C:\Program Files\Zulu\zulu-8\\bin;C:\Projects\Work\Scripts;C:\WINDOWS\system32\config\systemprofile\AppData\Local\Microsoft\WindowsApps;C:\Users\sanray\AppData\Local\JetBrains\IntelliJ IDEA Community Edition 2021.3.2\bin;;C:\Program Files\TestEnv
USERNAME=sanray
OS=Windows_NT
PROCESSOR_IDENTIFIER=Intel64 Family 6 Model 141 Stepping 1, GenuineIntel



---------------  S Y S T E M  ---------------

OS: Windows 10.0 , 64 bit Build 19041 (10.0.19041.1566)
HyperV virtualization detected

CPU:total 16 (initial active 16) (8 cores per cpu, 2 threads per core) family 6 model 141 stepping 1, cmov, cx8, fxsr, mmx, sse, sse2, sse3, ssse3, sse4.1, sse4.2, popcnt, avx, avx2, aes, clmul, erms, 3dnowpref, lzcnt, ht, tsc, tscinvbit, bmi1, bmi2, adx

Memory: 4k page, physical 66821964k(34796964k free), swap 75210572k(5676k free)

vm_info: OpenJDK 64-Bit Server VM (25.322-b06) for windows-amd64 JRE (Zulu 8.60.0.22-SA-win64) (1.8.0_322-b06), built on Jan 13 2022 16:28:10 by "tester" with MS VC++ 15.9 (VS2017)

time: Mon Apr  4 10:13:23 2022
timezone: India Standard Time
elapsed time: 0.027509 seconds (0d 0h 0m 0s)

